#
# There is insufficient memory for the Java Runtime Environment to continue.
# Native memory allocation (mmap) failed to map 266338304 bytes. Error detail: G1 virtual space
# Possible reasons:
#   The system is out of physical RAM or swap space
#   This process is running with CompressedOops enabled, and the Java Heap may be blocking the growth of the native heap
# Possible solutions:
#   Reduce memory load on the system
#   Increase physical memory or swap space
#   Check if swap backing store is full
#   Decrease Java heap size (-Xmx/-Xms)
#   Decrease number of Java threads
#   Decrease Java thread stack sizes (-Xss)
#   Set larger code cache with -XX:ReservedCodeCacheSize=
#   JVM is running with Zero Based Compressed Oops mode in which the Java heap is
#     placed in the first 32GB address space. The Java Heap base address is the
#     maximum limit for the native heap growth. Please use -XX:HeapBaseMinAddress
#     to set the Java Heap base and to place the Java Heap above 32GB virtual address.
# This output file may be truncated or incomplete.
#
#  Out of Memory Error (os_windows.cpp:3618), pid=12632, tid=12608
#
# JRE version:  (17.0.17+10) (build )
# Java VM: OpenJDK 64-Bit Server VM (17.0.17+10, mixed mode, sharing, tiered, compressed oops, compressed class ptrs, g1 gc, windows-amd64)
# No core dump will be written. Minidumps are not enabled by default on client versions of Windows
#

---------------  S U M M A R Y ------------

Command Line: 

Host: Intel(R) Core(TM) i7-7700HQ CPU @ 2.80GHz, 8 cores, 15G,  Windows 10 , 64 bit Build 19041 (10.0.19041.5915)
Time: Sun May 10 12:14:26 2026 Malay Peninsula Standard Time elapsed time: 0.018812 seconds (0d 0h 0m 0s)

---------------  T H R E A D  ---------------

Current thread (0x0000029871e73870):  JavaThread "Unknown thread" [_thread_in_vm, id=12608, stack(0x000000e870200000,0x000000e870300000)]

Stack: [0x000000e870200000,0x000000e870300000]
Native frames: (J=compiled Java code, j=interpreted, Vv=VM code, C=native code)
V  [jvm.dll+0x683fb9]
V  [jvm.dll+0x83a1b5]
V  [jvm.dll+0x83bc2e]
V  [jvm.dll+0x83c2b3]
V  [jvm.dll+0x248eff]
V  [jvm.dll+0x680d79]
V  [jvm.dll+0x675b7a]
V  [jvm.dll+0x3091a7]
V  [jvm.dll+0x310776]
V  [jvm.dll+0x360bbe]
V  [jvm.dll+0x360dfd]
V  [jvm.dll+0x2e022c]
V  [jvm.dll+0x2e1138]
V  [jvm.dll+0x80c6cb]
V  [jvm.dll+0x36e841]
V  [jvm.dll+0x7eb2a5]
V  [jvm.dll+0x3f444b]
V  [jvm.dll+0x3f5f31]
C  [jli.dll+0x52d0]
C  [ucrtbase.dll+0x21bb2]
C  [KERNEL32.DLL+0x17374]
C  [ntdll.dll+0x4cc91]


---------------  P R O C E S S  ---------------

Threads class SMR info:
_java_thread_list=0x00007ffa66877f58, length=0, elements={
}

Java Threads: ( => current thread )

Other Threads:
  0x0000029871edece0 GCTaskThread "GC Thread#0" [stack: 0x000000e870300000,0x000000e870400000] [id=25108]
  0x0000029871eef9f0 ConcurrentGCThread "G1 Main Marker" [stack: 0x000000e870400000,0x000000e870500000] [id=2716]
  0x0000029871ef0410 ConcurrentGCThread "G1 Conc#0" [stack: 0x000000e870500000,0x000000e870600000] [id=25956]

[error occurred during error reporting (printing all threads), id 0xc0000005, EXCEPTION_ACCESS_VIOLATION (0xc0000005) at pc=0x00007ffa66030d57]

VM state: not at safepoint (not fully initialized)

VM Mutex/Monitor currently owned by a thread:  ([mutex/lock_event])
[0x0000029871e6f670] Heap_lock - owner thread: 0x0000029871e73870

Heap address: 0x0000000702400000, size: 4060 MB, Compressed Oops mode: Zero based, Oop shift amount: 3

CDS archive(s) mapped at: [0x0000000000000000-0x0000000000000000-0x0000000000000000), size 0, SharedBaseAddress: 0x0000000800000000, ArchiveRelocationMode: 1.
Narrow klass base: 0x0000000000000000, Narrow klass shift: 0, Narrow klass range: 0x0

GC Precious Log:
<Empty>

Heap:
 garbage-first heap   total 0K, used 0K [0x0000000702400000, 0x0000000800000000)
  region size 2048K, 0 young (0K), 0 survivors (0K)

[error occurred during error reporting (printing heap information), id 0xc0000005, EXCEPTION_ACCESS_VIOLATION (0xc0000005) at pc=0x00007ffa6641d5c9]

GC Heap History (0 events):
No events

Dll operation events (1 events):
Event: 0.009 Loaded shared library C:\Program Files\Eclipse Adoptium\jdk-17.0.17.10-hotspot\bin\java.dll

Deoptimization events (0 events):
No events

Classes loaded (0 events):
No events

Classes unloaded (0 events):
No events

Classes redefined (0 events):
No events

Internal exceptions (0 events):
No events

VM Operations (0 events):
No events

Memory protections (0 events):
No events

Nmethod flushes (0 events):
No events

Events (0 events):
No events


Dynamic libraries:
0x00007ff785500000 - 0x00007ff78550e000 	C:\Program Files\Eclipse Adoptium\jdk-17.0.17.10-hotspot\bin\java.exe
0x00007ffaf3cf0000 - 0x00007ffaf3ee8000 	C:\WINDOWS\SYSTEM32\ntdll.dll
0x00007ffaf38f0000 - 0x00007ffaf39b2000 	C:\WINDOWS\System32\KERNEL32.DLL
0x00007ffaf1740000 - 0x00007ffaf1a36000 	C:\WINDOWS\System32\KERNELBASE.dll
0x00007ffaf15c0000 - 0x00007ffaf16c0000 	C:\WINDOWS\System32\ucrtbase.dll
0x00007ffab28a0000 - 0x00007ffab28be000 	C:\Program Files\Eclipse Adoptium\jdk-17.0.17.10-hotspot\bin\VCRUNTIME140.dll
0x00007ffab2220000 - 0x00007ffab2238000 	C:\Program Files\Eclipse Adoptium\jdk-17.0.17.10-hotspot\bin\jli.dll
0x00007ffaf2a80000 - 0x00007ffaf2c21000 	C:\WINDOWS\System32\USER32.dll
0x00007ffad8d10000 - 0x00007ffad8fab000 	C:\WINDOWS\WinSxS\amd64_microsoft.windows.common-controls_6595b64144ccf1df_6.0.19041.6456_none_60b8a6cb71f64256\COMCTL32.dll
0x00007ffaf1590000 - 0x00007ffaf15b2000 	C:\WINDOWS\System32\win32u.dll
0x00007ffaf3470000 - 0x00007ffaf350e000 	C:\WINDOWS\System32\msvcrt.dll
0x00007ffaf25c0000 - 0x00007ffaf25eb000 	C:\WINDOWS\System32\GDI32.dll
0x00007ffaf1a40000 - 0x00007ffaf1b59000 	C:\WINDOWS\System32\gdi32full.dll
0x00007ffaf1380000 - 0x00007ffaf141d000 	C:\WINDOWS\System32\msvcp_win.dll
0x00007ffaf2850000 - 0x00007ffaf287f000 	C:\WINDOWS\System32\IMM32.DLL
0x00007ffacbb70000 - 0x00007ffacbb7c000 	C:\Program Files\Eclipse Adoptium\jdk-17.0.17.10-hotspot\bin\vcruntime140_1.dll
0x00007ffa72f70000 - 0x00007ffa72ffd000 	C:\Program Files\Eclipse Adoptium\jdk-17.0.17.10-hotspot\bin\msvcp140.dll
0x00007ffa65d40000 - 0x00007ffa669ab000 	C:\Program Files\Eclipse Adoptium\jdk-17.0.17.10-hotspot\bin\server\jvm.dll
0x00007ffaf29c0000 - 0x00007ffaf2a71000 	C:\WINDOWS\System32\ADVAPI32.dll
0x00007ffaf3690000 - 0x00007ffaf372f000 	C:\WINDOWS\System32\sechost.dll
0x00007ffaf3510000 - 0x00007ffaf3630000 	C:\WINDOWS\System32\RPCRT4.dll
0x00007ffaf1560000 - 0x00007ffaf1587000 	C:\WINDOWS\System32\bcrypt.dll
0x00007ffaf2c30000 - 0x00007ffaf2c9b000 	C:\WINDOWS\System32\WS2_32.dll
0x00007ffaf0d00000 - 0x00007ffaf0d4b000 	C:\WINDOWS\SYSTEM32\POWRPROF.dll
0x00007ffae5860000 - 0x00007ffae586a000 	C:\WINDOWS\SYSTEM32\VERSION.dll
0x00007ffadb140000 - 0x00007ffadb167000 	C:\WINDOWS\SYSTEM32\WINMM.dll
0x00007ffaf0ce0000 - 0x00007ffaf0cf2000 	C:\WINDOWS\SYSTEM32\UMPDC.dll
0x00007ffaefb50000 - 0x00007ffaefb62000 	C:\WINDOWS\SYSTEM32\kernel.appcore.dll
0x00007ffacaee0000 - 0x00007ffacaeea000 	C:\Program Files\Eclipse Adoptium\jdk-17.0.17.10-hotspot\bin\jimage.dll
0x00007ffaef080000 - 0x00007ffaef281000 	C:\WINDOWS\SYSTEM32\DBGHELP.DLL
0x00007ffac9730000 - 0x00007ffac9764000 	C:\WINDOWS\SYSTEM32\dbgcore.DLL
0x00007ffaf14d0000 - 0x00007ffaf1552000 	C:\WINDOWS\System32\bcryptPrimitives.dll
0x00007ffab1cf0000 - 0x00007ffab1d15000 	C:\Program Files\Eclipse Adoptium\jdk-17.0.17.10-hotspot\bin\java.dll

dbghelp: loaded successfully - version: 4.0.5 - missing functions: none
symbol engine: initialized successfully - sym options: 0x614 - pdb path: .;C:\Program Files\Eclipse Adoptium\jdk-17.0.17.10-hotspot\bin;C:\WINDOWS\SYSTEM32;C:\WINDOWS\WinSxS\amd64_microsoft.windows.common-controls_6595b64144ccf1df_6.0.19041.6456_none_60b8a6cb71f64256;C:\Program Files\Eclipse Adoptium\jdk-17.0.17.10-hotspot\bin\server

VM Arguments:
java_command: <unknown>
java_class_path (initial): <not set>
Launcher Type: SUN_STANDARD

[Global flags]
     intx CICompilerCount                          = 4                                         {product} {ergonomic}
     uint ConcGCThreads                            = 2                                         {product} {ergonomic}
     uint G1ConcRefinementThreads                  = 8                                         {product} {ergonomic}
   size_t G1HeapRegionSize                         = 2097152                                   {product} {ergonomic}
    uintx GCDrainStackTargetSize                   = 64                                        {product} {ergonomic}
   size_t InitialHeapSize                          = 266338304                                 {product} {ergonomic}
   size_t MarkStackSize                            = 4194304                                   {product} {ergonomic}
   size_t MaxHeapSize                              = 4257218560                                {product} {ergonomic}
   size_t MinHeapDeltaBytes                        = 2097152                                   {product} {ergonomic}
   size_t MinHeapSize                              = 8388608                                   {product} {ergonomic}
    uintx NonNMethodCodeHeapSize                   = 5839372                                {pd product} {ergonomic}
    uintx NonProfiledCodeHeapSize                  = 122909434                              {pd product} {ergonomic}
    uintx ProfiledCodeHeapSize                     = 122909434                              {pd product} {ergonomic}
    uintx ReservedCodeCacheSize                    = 251658240                              {pd product} {ergonomic}
     bool SegmentedCodeCache                       = true                                      {product} {ergonomic}
   size_t SoftMaxHeapSize                          = 4257218560                             {manageable} {ergonomic}
     bool UseCompressedClassPointers               = true                           {product lp64_product} {ergonomic}
     bool UseCompressedOops                        = true                           {product lp64_product} {ergonomic}
     bool UseG1GC                                  = true                                      {product} {ergonomic}
     bool UseLargePagesIndividualAllocation        = false                                  {pd product} {ergonomic}

Logging:
Log output configuration:
 #0: stdout all=warning uptime,level,tags
 #1: stderr all=off uptime,level,tags

Environment Variables:
PATH=C:\Users\pacif\Desktop\AppDev\APPDEV_B_SY25226\node_modules\.bin;C:\Users\pacif\Desktop\AppDev\APPDEV_B_SY25226\android\node_modules\.bin;C:\Users\pacif\Desktop\AppDev\APPDEV_B_SY25226\node_modules\.bin;C:\Users\pacif\Desktop\AppDev\node_modules\.bin;C:\Users\pacif\Desktop\node_modules\.bin;C:\Users\pacif\node_modules\.bin;C:\Users\node_modules\.bin;C:\node_modules\.bin;C:\Program Files\nodejs\node_modules\npm\node_modules\@npmcli\run-script\lib\node-gyp-bin;C:\Program Files\Eclipse Adoptium\jdk-17.0.17.10-hotspot\bin;C:\Program Files (x86)\Common Files\Intel\Shared Libraries\redist\intel64\compiler;C:\Program Files (x86)\Intel\iCLS Client\;C:\Program Files\Intel\iCLS Client\;C:\Windows\system32;C:\Windows;C:\Windows\System32\Wbem;C:\Windows\System32\WindowsPowerShell\v1.0\;C:\Program Files (x86)\Intel\Intel(R) Management Engine Components\DAL;C:\Program Files\Intel\Intel(R) Management Engine Components\DAL;C:\Program Files (x86)\Intel\Intel(R) Management Engine Components\IPT;C:\Program Files\Intel\Intel(R) Management Engine Components\IPT;C:\WINDOWS\system32;C:\WINDOWS;C:\WINDOWS\System32\Wbem;C:\WINDOWS\System32\WindowsPowerShell\v1.0\;C:\WINDOWS\System32\OpenSSH\;C:\Program Files\Docker\Docker\resources\bin;C:\xampp\php;C:\ProgramData\ComposerSetup\bin;C:\Program Files\Git;C:\Program Files\NVIDIA Corporation\NVIDIA App\NvDLISR;C:\Program Files (x86)\NVIDIA Corporation\PhysX\Common;C:\Program Files\ngrok;C:\Users\pacif\OneDrive\Documents\ngrok-v3-stable-windows-amd64;C:\apache-maven-4.0.0-rc-5\bin;C:\Users\pacif\Downloads\apache-maven-4.0.0-rc-5-bin\apache-maven-4.0.0-rc-5\bin;C:\Program Files\CMake\bin;C:\Program Files\CMake\bin;C:\Users\pacif\scoop\apps\git\2.51.2\mingw64\bin;C:\Users\pacif\Downloads\mongosh-2.6.0-win32-x64\mongosh-2.6.0-win32-x64\bin;C:\Users\pacif\Downloads\mongosh-2.6.0-win32-x64\mongosh-2.6.0-win32-x64\bin;C:\ProgramData\chocolatey\bin;C:\Program Files\nodejs\;C:\Users\pacif\AppData\Local\Android\Sdk;C:\Users\pacif\AppData\Local\Android\Sdk\platform-tools;C:\Program Files\PowerShell\7\;C:\Program Files\Go\bin;C:\Users\pacif\Desktop\assets\ASCII;C:\Users\pacif\AppData\Local\Programs\Python\Launcher\;C:\Users\pacif\scoop\shims;C:\Users\pacif\AppData\Local\Microsoft\WindowsApps;C:\Users\pacif\AppData\Local\Programs\Microsoft VS Code\bin;C:\Users\pacif\AppData\Roaming\Composer\vendor\bin;C:\Program Files\Git;C:\Program Files\ngrok;C:\Users\pacif\AppData\Local\Programs\oh-my-posh\bin;C:\Users\pacif\AppData\Local\Programs\oh-my-posh\themes;C:\msys64\ucrt64\bin;C:\Users\pacif\Downloads\mongosh-2.6.0-win32-x64\mongosh-2.6.0-win32-x64\bin;C:\Users\pacif\Downloads\mongosh-2.6.0-win32-x64\mongosh-2.6.0-win32-x64\bin;C:\Users\pacif\AppData\Roaming\npm;C:\Users\pacif\AppData\Local\GitHubDesktop\bin;C:\Users\pacif\go\bin
USERNAME=pacif
OS=Windows_NT
PROCESSOR_IDENTIFIER=Intel64 Family 6 Model 158 Stepping 9, GenuineIntel
TMP=C:\Users\pacif\AppData\Local\Temp
TEMP=C:\Users\pacif\AppData\Local\Temp



Periodic native trim disabled


---------------  S Y S T E M  ---------------

OS:
 Windows 10 , 64 bit Build 19041 (10.0.19041.5915)
OS uptime: 0 days 2:28 hours
Hyper-V role detected

CPU: total 8 (initial active 8) (4 cores per cpu, 2 threads per core) family 6 model 158 stepping 9 microcode 0xea, cx8, cmov, fxsr, ht, mmx, 3dnowpref, sse, sse2, sse3, ssse3, sse4.1, sse4.2, popcnt, lzcnt, tsc, tscinvbit, avx, avx2, aes, erms, clmul, bmi1, bmi2, adx, fma, vzeroupper, clflush, clflushopt, hv
Processor Information for all 8 processors :
  Max Mhz: 2801, Current Mhz: 2801, Mhz Limit: 2801

Memory: 4k page, system-wide physical 16235M (1418M free)
TotalPageFile size 16235M (AvailPageFile size 67M)
current process WorkingSet (physical memory assigned to process): 10M, peak: 10M
current process commit charge ("private bytes"): 60M, peak: 314M

vm_info: OpenJDK 64-Bit Server VM (17.0.17+10) for windows-amd64 JRE (17.0.17+10), built on Oct 21 2025 23:25:32 by "admin" with unknown MS VC++:1942

END.
