#
# There is insufficient memory for the Java Runtime Environment to continue.
# Native memory allocation (malloc) failed to allocate 1048576 bytes. Error detail: AllocateHeap
# Possible reasons:
#   The system is out of physical RAM or swap space
#   This process is running with CompressedOops enabled, and the Java Heap may be blocking the growth of the native heap
# Possible solutions:
#   Reduce memory load on the system
#   Increase physical memory or swap space
#   Check if swap backing store is full
#   Decrease Java heap size (-Xmx/-Xms)
#   Decrease number of Java threads
#   Decrease Java thread stack sizes (-Xss)
#   Set larger code cache with -XX:ReservedCodeCacheSize=
#   JVM is running with Zero Based Compressed Oops mode in which the Java heap is
#     placed in the first 32GB address space. The Java Heap base address is the
#     maximum limit for the native heap growth. Please use -XX:HeapBaseMinAddress
#     to set the Java Heap base and to place the Java Heap above 32GB virtual address.
# This output file may be truncated or incomplete.
#
#  Out of Memory Error (allocation.cpp:44), pid=18892, tid=14712
#
# JRE version:  (17.0.17+10) (build )
# Java VM: OpenJDK 64-Bit Server VM (17.0.17+10, mixed mode, sharing, tiered, compressed oops, compressed class ptrs, g1 gc, windows-amd64)
# No core dump will be written. Minidumps are not enabled by default on client versions of Windows
#

---------------  S U M M A R Y ------------

Command Line: 

Host: Intel(R) Core(TM) i7-7700HQ CPU @ 2.80GHz, 8 cores, 15G,  Windows 10 , 64 bit Build 19041 (10.0.19041.5915)
Time: Fri May  1 08:21:00 2026 Malay Peninsula Standard Time elapsed time: 0.012969 seconds (0d 0h 0m 0s)

---------------  T H R E A D  ---------------

Current thread (0x00000222b628dff0):  JavaThread "Unknown thread" [_thread_in_vm, id=14712, stack(0x00000077d2700000,0x00000077d2800000)]

Stack: [0x00000077d2700000,0x00000077d2800000]
Native frames: (J=compiled Java code, j=interpreted, Vv=VM code, C=native code)
V  [jvm.dll+0x683fb9]
V  [jvm.dll+0x83a1b5]
V  [jvm.dll+0x83bc2e]
V  [jvm.dll+0x83c2b3]
V  [jvm.dll+0x248eff]
V  [jvm.dll+0xa7b47]
V  [jvm.dll+0x2e9603]
V  [jvm.dll+0x2e110f]
V  [jvm.dll+0x80c6cb]
V  [jvm.dll+0x36e841]
V  [jvm.dll+0x7eb2a5]
V  [jvm.dll+0x3f444b]
V  [jvm.dll+0x3f5f31]
C  [jli.dll+0x52d0]
C  [ucrtbase.dll+0x21bb2]
C  [KERNEL32.DLL+0x17374]
C  [ntdll.dll+0x4cc91]


---------------  P R O C E S S  ---------------

Threads class SMR info:
_java_thread_list=0x00007ffe77857f58, length=0, elements={
}

Java Threads: ( => current thread )

Other Threads:
  0x00000222b856e530 GCTaskThread "GC Thread#0" [stack: 0x00000077d2800000,0x00000077d2900000] [id=21168]

[error occurred during error reporting (printing all threads), id 0xc0000005, EXCEPTION_ACCESS_VIOLATION (0xc0000005) at pc=0x00007ffe7700e2f0]

VM state: not at safepoint (not fully initialized)

VM Mutex/Monitor currently owned by a thread:  ([mutex/lock_event])
[0x00000222b628b580] Heap_lock - owner thread: 0x00000222b628dff0

Heap address: 0x0000000702400000, size: 4060 MB, Compressed Oops mode: Zero based, Oop shift amount: 3

CDS archive(s) mapped at: [0x0000000000000000-0x0000000000000000-0x0000000000000000), size 0, SharedBaseAddress: 0x0000000800000000, ArchiveRelocationMode: 1.
Narrow klass base: 0x0000000000000000, Narrow klass shift: 0, Narrow klass range: 0x0

GC Precious Log:
<Empty>

Heap:
 garbage-first heap   total 0K, used 0K [0x0000000702400000, 0x0000000800000000)
  region size 2048K, 0 young (0K), 0 survivors (0K)

[error occurred during error reporting (printing heap information), id 0xc0000005, EXCEPTION_ACCESS_VIOLATION (0xc0000005) at pc=0x00007ffe773fd5c9]

GC Heap History (0 events):
No events

Dll operation events (1 events):
Event: 0.008 Loaded shared library C:\Program Files\Eclipse Adoptium\jdk-17.0.17.10-hotspot\bin\java.dll

Deoptimization events (0 events):
No events

Classes loaded (0 events):
No events

Classes unloaded (0 events):
No events

Classes redefined (0 events):
No events

Internal exceptions (0 events):
No events

VM Operations (0 events):
No events

Memory protections (0 events):
No events

Nmethod flushes (0 events):
No events

Events (0 events):
No events


Dynamic libraries:
0x00007ff616b90000 - 0x00007ff616b9e000 	C:\Program Files\Eclipse Adoptium\jdk-17.0.17.10-hotspot\bin\java.exe
0x00007ffedb830000 - 0x00007ffedba28000 	C:\WINDOWS\SYSTEM32\ntdll.dll
0x00007ffeda740000 - 0x00007ffeda802000 	C:\WINDOWS\System32\KERNEL32.DLL
0x00007ffed9550000 - 0x00007ffed9846000 	C:\WINDOWS\System32\KERNELBASE.dll
0x00007ffed8ff0000 - 0x00007ffed90f0000 	C:\WINDOWS\System32\ucrtbase.dll
0x00007ffed01a0000 - 0x00007ffed01b8000 	C:\Program Files\Eclipse Adoptium\jdk-17.0.17.10-hotspot\bin\jli.dll
0x00007ffec9e80000 - 0x00007ffec9e9e000 	C:\Program Files\Eclipse Adoptium\jdk-17.0.17.10-hotspot\bin\VCRUNTIME140.dll
0x00007ffedabd0000 - 0x00007ffedad71000 	C:\WINDOWS\System32\USER32.dll
0x00007ffebbf80000 - 0x00007ffebc21b000 	C:\WINDOWS\WinSxS\amd64_microsoft.windows.common-controls_6595b64144ccf1df_6.0.19041.6456_none_60b8a6cb71f64256\COMCTL32.dll
0x00007ffed9320000 - 0x00007ffed9342000 	C:\WINDOWS\System32\win32u.dll
0x00007ffeda6a0000 - 0x00007ffeda73e000 	C:\WINDOWS\System32\msvcrt.dll
0x00007ffeda140000 - 0x00007ffeda16b000 	C:\WINDOWS\System32\GDI32.dll
0x00007ffed9350000 - 0x00007ffed9469000 	C:\WINDOWS\System32\gdi32full.dll
0x00007ffed9120000 - 0x00007ffed91bd000 	C:\WINDOWS\System32\msvcp_win.dll
0x00007ffed9ed0000 - 0x00007ffed9eff000 	C:\WINDOWS\System32\IMM32.DLL
0x00007ffed0190000 - 0x00007ffed019c000 	C:\Program Files\Eclipse Adoptium\jdk-17.0.17.10-hotspot\bin\vcruntime140_1.dll
0x00007ffeb6f90000 - 0x00007ffeb701d000 	C:\Program Files\Eclipse Adoptium\jdk-17.0.17.10-hotspot\bin\msvcp140.dll
0x00007ffe76d20000 - 0x00007ffe7798b000 	C:\Program Files\Eclipse Adoptium\jdk-17.0.17.10-hotspot\bin\server\jvm.dll
0x00007ffed9d30000 - 0x00007ffed9de1000 	C:\WINDOWS\System32\ADVAPI32.dll
0x00007ffeda170000 - 0x00007ffeda20f000 	C:\WINDOWS\System32\sechost.dll
0x00007ffedaa40000 - 0x00007ffedab60000 	C:\WINDOWS\System32\RPCRT4.dll
0x00007ffed90f0000 - 0x00007ffed9117000 	C:\WINDOWS\System32\bcrypt.dll
0x00007ffedab60000 - 0x00007ffedabcb000 	C:\WINDOWS\System32\WS2_32.dll
0x00007ffed88b0000 - 0x00007ffed88fb000 	C:\WINDOWS\SYSTEM32\POWRPROF.dll
0x00007ffeccf90000 - 0x00007ffeccf9a000 	C:\WINDOWS\SYSTEM32\VERSION.dll
0x00007ffec4970000 - 0x00007ffec4997000 	C:\WINDOWS\SYSTEM32\WINMM.dll
0x00007ffed8890000 - 0x00007ffed88a2000 	C:\WINDOWS\SYSTEM32\UMPDC.dll
0x00007ffed7690000 - 0x00007ffed76a2000 	C:\WINDOWS\SYSTEM32\kernel.appcore.dll
0x00007ffed0150000 - 0x00007ffed015a000 	C:\Program Files\Eclipse Adoptium\jdk-17.0.17.10-hotspot\bin\jimage.dll
0x00007ffed6bc0000 - 0x00007ffed6dc1000 	C:\WINDOWS\SYSTEM32\DBGHELP.DLL
0x00007ffec0660000 - 0x00007ffec0694000 	C:\WINDOWS\SYSTEM32\dbgcore.DLL
0x00007ffed9470000 - 0x00007ffed94f2000 	C:\WINDOWS\System32\bcryptPrimitives.dll
0x00007ffec1760000 - 0x00007ffec1785000 	C:\Program Files\Eclipse Adoptium\jdk-17.0.17.10-hotspot\bin\java.dll

dbghelp: loaded successfully - version: 4.0.5 - missing functions: none
symbol engine: initialized successfully - sym options: 0x614 - pdb path: .;C:\Program Files\Eclipse Adoptium\jdk-17.0.17.10-hotspot\bin;C:\WINDOWS\SYSTEM32;C:\WINDOWS\WinSxS\amd64_microsoft.windows.common-controls_6595b64144ccf1df_6.0.19041.6456_none_60b8a6cb71f64256;C:\Program Files\Eclipse Adoptium\jdk-17.0.17.10-hotspot\bin\server

VM Arguments:
java_command: <unknown>
java_class_path (initial): <not set>
Launcher Type: SUN_STANDARD

[Global flags]
     intx CICompilerCount                          = 4                                         {product} {ergonomic}
     uint ConcGCThreads                            = 2                                         {product} {ergonomic}
     uint G1ConcRefinementThreads                  = 8                                         {product} {ergonomic}
   size_t G1HeapRegionSize                         = 2097152                                   {product} {ergonomic}
    uintx GCDrainStackTargetSize                   = 64                                        {product} {ergonomic}
   size_t InitialHeapSize                          = 266338304                                 {product} {ergonomic}
   size_t MarkStackSize                            = 4194304                                   {product} {ergonomic}
   size_t MaxHeapSize                              = 4257218560                                {product} {ergonomic}
   size_t MinHeapDeltaBytes                        = 2097152                                   {product} {ergonomic}
   size_t MinHeapSize                              = 8388608                                   {product} {ergonomic}
    uintx NonNMethodCodeHeapSize                   = 5839372                                {pd product} {ergonomic}
    uintx NonProfiledCodeHeapSize                  = 122909434                              {pd product} {ergonomic}
    uintx ProfiledCodeHeapSize                     = 122909434                              {pd product} {ergonomic}
    uintx ReservedCodeCacheSize                    = 251658240                              {pd product} {ergonomic}
     bool SegmentedCodeCache                       = true                                      {product} {ergonomic}
   size_t SoftMaxHeapSize                          = 4257218560                             {manageable} {ergonomic}
     bool UseCompressedClassPointers               = true                           {product lp64_product} {ergonomic}
     bool UseCompressedOops                        = true                           {product lp64_product} {ergonomic}
     bool UseG1GC                                  = true                                      {product} {ergonomic}
     bool UseLargePagesIndividualAllocation        = false                                  {pd product} {ergonomic}

Logging:
Log output configuration:
 #0: stdout all=warning uptime,level,tags
 #1: stderr all=off uptime,level,tags

Environment Variables:
PATH=C:\Users\pacif\Desktop\AppDev\APPDEV_B_SY25226\node_modules\.bin;C:\Users\pacif\Desktop\AppDev\APPDEV_B_SY25226\node_modules\.bin;C:\Users\pacif\Desktop\AppDev\node_modules\.bin;C:\Users\pacif\Desktop\node_modules\.bin;C:\Users\pacif\node_modules\.bin;C:\Users\node_modules\.bin;C:\node_modules\.bin;C:\Program Files\nodejs\node_modules\npm\node_modules\@npmcli\run-script\lib\node-gyp-bin;C:\Program Files\Eclipse Adoptium\jdk-17.0.17.10-hotspot\bin;C:\Program Files (x86)\Common Files\Intel\Shared Libraries\redist\intel64\compiler;C:\Program Files (x86)\Intel\iCLS Client\;C:\Program Files\Intel\iCLS Client\;C:\Windows\system32;C:\Windows;C:\Windows\System32\Wbem;C:\Windows\System32\WindowsPowerShell\v1.0\;C:\Program Files (x86)\Intel\Intel(R) Management Engine Components\DAL;C:\Program Files\Intel\Intel(R) Management Engine Components\DAL;C:\Program Files (x86)\Intel\Intel(R) Management Engine Components\IPT;C:\Program Files\Intel\Intel(R) Management Engine Components\IPT;C:\WINDOWS\system32;C:\WINDOWS;C:\WINDOWS\System32\Wbem;C:\WINDOWS\System32\WindowsPowerShell\v1.0\;C:\WINDOWS\System32\OpenSSH\;C:\Program Files\Docker\Docker\resources\bin;C:\xampp\php;C:\ProgramData\ComposerSetup\bin;C:\Program Files\Git;C:\Program Files\NVIDIA Corporation\NVIDIA App\NvDLISR;C:\Program Files (x86)\NVIDIA Corporation\PhysX\Common;C:\Program Files\ngrok;C:\Users\pacif\OneDrive\Documents\ngrok-v3-stable-windows-amd64;C:\Program Files\cursor\resources\app\bin;C:\apache-maven-4.0.0-rc-5\bin;C:\Users\pacif\Downloads\apache-maven-4.0.0-rc-5-bin\apache-maven-4.0.0-rc-5\bin;C:\Program Files\CMake\bin;C:\Program Files\CMake\bin;C:\Users\pacif\scoop\apps\git\2.51.2\mingw64\bin;C:\Users\pacif\Downloads\mongosh-2.6.0-win32-x64\mongosh-2.6.0-win32-x64\bin;C:\Users\pacif\Downloads\mongosh-2.6.0-win32-x64\mongosh-2.6.0-win32-x64\bin;C:\ProgramData\chocolatey\bin;C:\Program Files\nodejs\;C:\Users\pacif\AppData\Local\Android\Sdk;C:\Users\pacif\AppData\Local\Android\Sdk\platform-tools;C:\Program Files\PowerShell\7\;C:\Program Files\Go\bin;C:\Users\pacif\AppData\Local\Programs\Python\Launcher\;C:\Users\pacif\scoop\shims;C:\Users\pacif\AppData\Local\Microsoft\WindowsApps;C:\Users\pacif\AppData\Local\Programs\Microsoft VS Code\bin;C:\Users\pacif\AppData\Roaming\Composer\vendor\bin;C:\Program Files\Git;C:\Program Files\ngrok;C:\Users\pacif\AppData\Local\Programs\oh-my-posh\bin;C:\Users\pacif\AppData\Local\Programs\oh-my-posh\themes;C:\msys64\ucrt64\bin;C:\Users\pacif\Downloads\mongosh-2.6.0-win32-x64\mongosh-2.6.0-win32-x64\bin;C:\Users\pacif\Downloads\mongosh-2.6.0-win32-x64\mongosh-2.6.0-win32-x64\bin;C:\Users\pacif\AppData\Roaming\npm;C:\Users\pacif\AppData\Local\Programs\cursor\resources\app\bin;C:\Users\pacif\AppData\Local\GitHubDesktop\bin;C:\Users\pacif\go\bin
USERNAME=pacif
OS=Windows_NT
PROCESSOR_IDENTIFIER=Intel64 Family 6 Model 158 Stepping 9, GenuineIntel
TMP=C:\Users\pacif\AppData\Local\Temp
TEMP=C:\Users\pacif\AppData\Local\Temp



Periodic native trim disabled


---------------  S Y S T E M  ---------------

OS:
 Windows 10 , 64 bit Build 19041 (10.0.19041.5915)
OS uptime: 1 days 16:28 hours
Hyper-V role detected

CPU: total 8 (initial active 8) (4 cores per cpu, 2 threads per core) family 6 model 158 stepping 9 microcode 0xea, cx8, cmov, fxsr, ht, mmx, 3dnowpref, sse, sse2, sse3, ssse3, sse4.1, sse4.2, popcnt, lzcnt, tsc, tscinvbit, avx, avx2, aes, erms, clmul, bmi1, bmi2, adx, fma, vzeroupper, clflush, clflushopt, hv
Processor Information for all 8 processors :
  Max Mhz: 2801, Current Mhz: 2801, Mhz Limit: 2801

Memory: 4k page, system-wide physical 16235M (1773M free)
TotalPageFile size 16235M (AvailPageFile size 4M)
current process WorkingSet (physical memory assigned to process): 10M, peak: 10M
current process commit charge ("private bytes"): 53M, peak: 54M

vm_info: OpenJDK 64-Bit Server VM (17.0.17+10) for windows-amd64 JRE (17.0.17+10), built on Oct 21 2025 23:25:32 by "admin" with unknown MS VC++:1942

END.
