#
# There is insufficient memory for the Java Runtime Environment to continue.
# Native memory allocation (mmap) failed to map 65536 bytes. Error detail: Failed to commit metaspace.
# Possible reasons:
#   The system is out of physical RAM or swap space
#   This process is running with CompressedOops enabled, and the Java Heap may be blocking the growth of the native heap
# Possible solutions:
#   Reduce memory load on the system
#   Increase physical memory or swap space
#   Check if swap backing store is full
#   Decrease Java heap size (-Xmx/-Xms)
#   Decrease number of Java threads
#   Decrease Java thread stack sizes (-Xss)
#   Set larger code cache with -XX:ReservedCodeCacheSize=
#   JVM is running with Unscaled Compressed Oops mode in which the Java heap is
#     placed in the first 4GB address space. The Java Heap base address is the
#     maximum limit for the native heap growth. Please use -XX:HeapBaseMinAddress
#     to set the Java Heap base and to place the Java Heap above 4GB virtual address.
# This output file may be truncated or incomplete.
#
#  Out of Memory Error (virtualSpaceNode.cpp:110), pid=18172, tid=8848
#
# JRE version: OpenJDK Runtime Environment Temurin-17.0.17+10 (17.0.17+10) (build 17.0.17+10)
# Java VM: OpenJDK 64-Bit Server VM Temurin-17.0.17+10 (17.0.17+10, mixed mode, sharing, tiered, compressed oops, compressed class ptrs, g1 gc, windows-amd64)
# No core dump will be written. Minidumps are not enabled by default on client versions of Windows
#

---------------  S U M M A R Y ------------

Command Line: -Xmx64m -Xms64m -Dorg.gradle.appname=gradlew C:\Users\pacif\Desktop\AppDev\APPDEV_B_SY25226\android\\gradle\wrapper\gradle-wrapper.jar app:installDebug -PreactNativeDevServerPort=8081

Host: Intel(R) Core(TM) i7-7700HQ CPU @ 2.80GHz, 8 cores, 15G,  Windows 10 , 64 bit Build 19041 (10.0.19041.5915)
Time: Fri May  1 14:13:41 2026 Malay Peninsula Standard Time elapsed time: 10.691647 seconds (0d 0h 0m 10s)

---------------  T H R E A D  ---------------

Current thread (0x0000013ffb25e570):  JavaThread "C1 CompilerThread0" daemon [_thread_in_vm, id=8848, stack(0x00000016a4000000,0x00000016a4100000)]


Current CompileTask:
C1:10691 1695   !   3       java.io.ObjectInputStream::readObject0 (681 bytes)

Stack: [0x00000016a4000000,0x00000016a4100000]
Native frames: (J=compiled Java code, j=interpreted, Vv=VM code, C=native code)
V  [jvm.dll+0x683fb9]
V  [jvm.dll+0x83a1b5]
V  [jvm.dll+0x83bc2e]
V  [jvm.dll+0x83c2b3]
V  [jvm.dll+0x248eff]
V  [jvm.dll+0x835f9d]
V  [jvm.dll+0x628abd]
V  [jvm.dll+0x628b2a]
V  [jvm.dll+0x62b363]
V  [jvm.dll+0x629476]
V  [jvm.dll+0x63a8ba]
V  [jvm.dll+0x63357a]
V  [jvm.dll+0x1cc930]
V  [jvm.dll+0x1ccb20]
V  [jvm.dll+0x148511]
V  [jvm.dll+0x148355]
V  [jvm.dll+0x13ff9b]
V  [jvm.dll+0x14224e]
V  [jvm.dll+0x140836]
V  [jvm.dll+0x13a8f7]
V  [jvm.dll+0x149ff8]
V  [jvm.dll+0x135db5]
V  [jvm.dll+0x136130]
V  [jvm.dll+0x13640e]
V  [jvm.dll+0x135857]
V  [jvm.dll+0x13757d]
V  [jvm.dll+0x22989a]
V  [jvm.dll+0x227a4b]
V  [jvm.dll+0x7effb8]
V  [jvm.dll+0x7ea44c]
V  [jvm.dll+0x682e87]
C  [ucrtbase.dll+0x21bb2]
C  [KERNEL32.DLL+0x17374]
C  [ntdll.dll+0x4cc91]


---------------  P R O C E S S  ---------------

Threads class SMR info:
_java_thread_list=0x0000013fc597ef70, length=13, elements={
0x0000013fe17f49a0, 0x0000013fe189df80, 0x0000013fe189ec00, 0x0000013ffb242e10,
0x0000013ffb2437d0, 0x0000013ffb244190, 0x0000013ffb246b60, 0x0000013ffb252690,
0x0000013ffb25e570, 0x0000013ffb261330, 0x0000013ffb260910, 0x0000013ffb261840,
0x0000013ffb261d50
}

Java Threads: ( => current thread )
  0x0000013fe17f49a0 JavaThread "main" [_thread_blocked, id=2192, stack(0x00000016a3200000,0x00000016a3300000)]
  0x0000013fe189df80 JavaThread "Reference Handler" daemon [_thread_blocked, id=3328, stack(0x00000016a3900000,0x00000016a3a00000)]
  0x0000013fe189ec00 JavaThread "Finalizer" daemon [_thread_blocked, id=13740, stack(0x00000016a3a00000,0x00000016a3b00000)]
  0x0000013ffb242e10 JavaThread "Signal Dispatcher" daemon [_thread_blocked, id=13696, stack(0x00000016a3b00000,0x00000016a3c00000)]
  0x0000013ffb2437d0 JavaThread "Attach Listener" daemon [_thread_blocked, id=1168, stack(0x00000016a3c00000,0x00000016a3d00000)]
  0x0000013ffb244190 JavaThread "Service Thread" daemon [_thread_blocked, id=8276, stack(0x00000016a3d00000,0x00000016a3e00000)]
  0x0000013ffb246b60 JavaThread "Monitor Deflation Thread" daemon [_thread_blocked, id=12624, stack(0x00000016a3e00000,0x00000016a3f00000)]
  0x0000013ffb252690 JavaThread "C2 CompilerThread0" daemon [_thread_blocked, id=10516, stack(0x00000016a3f00000,0x00000016a4000000)]
=>0x0000013ffb25e570 JavaThread "C1 CompilerThread0" daemon [_thread_in_vm, id=8848, stack(0x00000016a4000000,0x00000016a4100000)]
  0x0000013ffb261330 JavaThread "Sweeper thread" daemon [_thread_blocked, id=15636, stack(0x00000016a4100000,0x00000016a4200000)]
  0x0000013ffb260910 JavaThread "Notification Thread" daemon [_thread_blocked, id=16704, stack(0x00000016a4200000,0x00000016a4300000)]
  0x0000013ffb261840 JavaThread "Common-Cleaner" daemon [_thread_blocked, id=11580, stack(0x00000016a4400000,0x00000016a4500000)]
  0x0000013ffb261d50 JavaThread "pool-1-thread-1" [_thread_blocked, id=11720, stack(0x00000016a4a00000,0x00000016a4b00000)]

Other Threads:
  0x0000013fe18985d0 VMThread "VM Thread" [stack: 0x00000016a3800000,0x00000016a3900000] [id=15728]
  0x0000013fc517b6d0 WatcherThread [stack: 0x00000016a4300000,0x00000016a4400000] [id=1160]
  0x0000013fe1815c30 GCTaskThread "GC Thread#0" [stack: 0x00000016a3300000,0x00000016a3400000] [id=13176]
  0x0000013fc559c020 GCTaskThread "GC Thread#1" [stack: 0x00000016a4700000,0x00000016a4800000] [id=16112]
  0x0000013fc55b7af0 GCTaskThread "GC Thread#2" [stack: 0x00000016a4800000,0x00000016a4900000] [id=12924]
  0x0000013fc55b7db0 GCTaskThread "GC Thread#3" [stack: 0x00000016a4900000,0x00000016a4a00000] [id=14260]
  0x0000013fc6279430 GCTaskThread "GC Thread#4" [stack: 0x00000016a4500000,0x00000016a4600000] [id=12652]
  0x0000013fc6abd080 GCTaskThread "GC Thread#5" [stack: 0x00000016a4600000,0x00000016a4700000] [id=5668]
  0x0000013fc5339790 GCTaskThread "GC Thread#6" [stack: 0x00000016a4b00000,0x00000016a4c00000] [id=4220]
  0x0000013fc56fade0 GCTaskThread "GC Thread#7" [stack: 0x00000016a4c00000,0x00000016a4d00000] [id=8284]
  0x0000013fe1817280 ConcurrentGCThread "G1 Main Marker" [stack: 0x00000016a3400000,0x00000016a3500000] [id=16708]
  0x0000013fe1817ba0 ConcurrentGCThread "G1 Conc#0" [stack: 0x00000016a3500000,0x00000016a3600000] [id=15872]
  0x0000013fe18782a0 ConcurrentGCThread "G1 Refine#0" [stack: 0x00000016a3600000,0x00000016a3700000] [id=5412]
  0x0000013fe1878bd0 ConcurrentGCThread "G1 Service" [stack: 0x00000016a3700000,0x00000016a3800000] [id=16056]

Threads with active compile tasks:
C1 CompilerThread0  10742 1695   !   3       java.io.ObjectInputStream::readObject0 (681 bytes)

VM state: not at safepoint (normal execution)

VM Mutex/Monitor currently owned by a thread:  ([mutex/lock_event])
[0x0000013fe17ef040] Metaspace_lock - owner thread: 0x0000013ffb25e570
[0x0000013fe17efb40] MethodData_lock - owner thread: 0x0000013ffb25e570

Heap address: 0x00000000fc000000, size: 64 MB, Compressed Oops mode: 32-bit

CDS archive(s) mapped at: [0x0000013f80000000-0x0000013f80bb0000-0x0000013f80bb0000), size 12255232, SharedBaseAddress: 0x0000013f80000000, ArchiveRelocationMode: 1.
Compressed class space mapped at: 0x0000013f81000000-0x0000013fc1000000, reserved size: 1073741824
Narrow klass base: 0x0000013f80000000, Narrow klass shift: 0, Narrow klass range: 0x100000000

GC Precious Log:
 CPUs: 8 total, 8 available
 Memory: 16235M
 Large Page Support: Disabled
 NUMA Support: Disabled
 Compressed Oops: Enabled (32-bit)
 Heap Region Size: 1M
 Heap Min Capacity: 64M
 Heap Initial Capacity: 64M
 Heap Max Capacity: 64M
 Pre-touch: Disabled
 Parallel Workers: 8
 Concurrent Workers: 2
 Concurrent Refinement Workers: 8
 Periodic GC: Disabled

Heap:
 garbage-first heap   total 65536K, used 16491K [0x00000000fc000000, 0x0000000100000000)
  region size 1024K, 11 young (11264K), 5 survivors (5120K)
 Metaspace       used 9671K, committed 9856K, reserved 1114112K
  class space    used 1276K, committed 1344K, reserved 1048576K

Heap Regions: E=young(eden), S=young(survivor), O=old, HS=humongous(starts), HC=humongous(continues), CS=collection set, F=free, OA=open archive, CA=closed archive, TAMS=top-at-mark-start (previous, next)
|   0|0x00000000fc000000, 0x00000000fc100000, 0x00000000fc100000|100%|HS|  |TAMS 0x00000000fc000000, 0x00000000fc000000| Complete 
|   1|0x00000000fc100000, 0x00000000fc200000, 0x00000000fc200000|100%|HC|  |TAMS 0x00000000fc100000, 0x00000000fc100000| Complete 
|   2|0x00000000fc200000, 0x00000000fc300000, 0x00000000fc300000|100%|HC|  |TAMS 0x00000000fc200000, 0x00000000fc200000| Complete 
|   3|0x00000000fc300000, 0x00000000fc400000, 0x00000000fc400000|100%| O|  |TAMS 0x00000000fc300000, 0x00000000fc300000| Untracked 
|   4|0x00000000fc400000, 0x00000000fc500000, 0x00000000fc500000|100%| O|  |TAMS 0x00000000fc400000, 0x00000000fc400000| Untracked 
|   5|0x00000000fc500000, 0x00000000fc600000, 0x00000000fc600000|100%| O|  |TAMS 0x00000000fc500000, 0x00000000fc500000| Untracked 
|   6|0x00000000fc600000, 0x00000000fc61ae00, 0x00000000fc700000| 10%| O|  |TAMS 0x00000000fc600000, 0x00000000fc600000| Untracked 
|   7|0x00000000fc700000, 0x00000000fc700000, 0x00000000fc800000|  0%| F|  |TAMS 0x00000000fc700000, 0x00000000fc700000| Untracked 
|   8|0x00000000fc800000, 0x00000000fc800000, 0x00000000fc900000|  0%| F|  |TAMS 0x00000000fc800000, 0x00000000fc800000| Untracked 
|   9|0x00000000fc900000, 0x00000000fc900000, 0x00000000fca00000|  0%| F|  |TAMS 0x00000000fc900000, 0x00000000fc900000| Untracked 
|  10|0x00000000fca00000, 0x00000000fca00000, 0x00000000fcb00000|  0%| F|  |TAMS 0x00000000fca00000, 0x00000000fca00000| Untracked 
|  11|0x00000000fcb00000, 0x00000000fcb00000, 0x00000000fcc00000|  0%| F|  |TAMS 0x00000000fcb00000, 0x00000000fcb00000| Untracked 
|  12|0x00000000fcc00000, 0x00000000fcc00000, 0x00000000fcd00000|  0%| F|  |TAMS 0x00000000fcc00000, 0x00000000fcc00000| Untracked 
|  13|0x00000000fcd00000, 0x00000000fcd00000, 0x00000000fce00000|  0%| F|  |TAMS 0x00000000fcd00000, 0x00000000fcd00000| Untracked 
|  14|0x00000000fce00000, 0x00000000fce00000, 0x00000000fcf00000|  0%| F|  |TAMS 0x00000000fce00000, 0x00000000fce00000| Untracked 
|  15|0x00000000fcf00000, 0x00000000fcf00000, 0x00000000fd000000|  0%| F|  |TAMS 0x00000000fcf00000, 0x00000000fcf00000| Untracked 
|  16|0x00000000fd000000, 0x00000000fd000000, 0x00000000fd100000|  0%| F|  |TAMS 0x00000000fd000000, 0x00000000fd000000| Untracked 
|  17|0x00000000fd100000, 0x00000000fd100000, 0x00000000fd200000|  0%| F|  |TAMS 0x00000000fd100000, 0x00000000fd100000| Untracked 
|  18|0x00000000fd200000, 0x00000000fd200000, 0x00000000fd300000|  0%| F|  |TAMS 0x00000000fd200000, 0x00000000fd200000| Untracked 
|  19|0x00000000fd300000, 0x00000000fd300000, 0x00000000fd400000|  0%| F|  |TAMS 0x00000000fd300000, 0x00000000fd300000| Untracked 
|  20|0x00000000fd400000, 0x00000000fd400000, 0x00000000fd500000|  0%| F|  |TAMS 0x00000000fd400000, 0x00000000fd400000| Untracked 
|  21|0x00000000fd500000, 0x00000000fd500000, 0x00000000fd600000|  0%| F|  |TAMS 0x00000000fd500000, 0x00000000fd500000| Untracked 
|  22|0x00000000fd600000, 0x00000000fd600000, 0x00000000fd700000|  0%| F|  |TAMS 0x00000000fd600000, 0x00000000fd600000| Untracked 
|  23|0x00000000fd700000, 0x00000000fd700000, 0x00000000fd800000|  0%| F|  |TAMS 0x00000000fd700000, 0x00000000fd700000| Untracked 
|  24|0x00000000fd800000, 0x00000000fd800000, 0x00000000fd900000|  0%| F|  |TAMS 0x00000000fd800000, 0x00000000fd800000| Untracked 
|  25|0x00000000fd900000, 0x00000000fd900000, 0x00000000fda00000|  0%| F|  |TAMS 0x00000000fd900000, 0x00000000fd900000| Untracked 
|  26|0x00000000fda00000, 0x00000000fdb00000, 0x00000000fdb00000|100%| S|CS|TAMS 0x00000000fda00000, 0x00000000fda00000| Complete 
|  27|0x00000000fdb00000, 0x00000000fdc00000, 0x00000000fdc00000|100%| S|CS|TAMS 0x00000000fdb00000, 0x00000000fdb00000| Complete 
|  28|0x00000000fdc00000, 0x00000000fdd00000, 0x00000000fdd00000|100%| S|CS|TAMS 0x00000000fdc00000, 0x00000000fdc00000| Complete 
|  29|0x00000000fdd00000, 0x00000000fde00000, 0x00000000fde00000|100%| S|CS|TAMS 0x00000000fdd00000, 0x00000000fdd00000| Complete 
|  30|0x00000000fde00000, 0x00000000fdf00000, 0x00000000fdf00000|100%| S|CS|TAMS 0x00000000fde00000, 0x00000000fde00000| Complete 
|  31|0x00000000fdf00000, 0x00000000fdf00000, 0x00000000fe000000|  0%| F|  |TAMS 0x00000000fdf00000, 0x00000000fdf00000| Untracked 
|  32|0x00000000fe000000, 0x00000000fe000000, 0x00000000fe100000|  0%| F|  |TAMS 0x00000000fe000000, 0x00000000fe000000| Untracked 
|  33|0x00000000fe100000, 0x00000000fe100000, 0x00000000fe200000|  0%| F|  |TAMS 0x00000000fe100000, 0x00000000fe100000| Untracked 
|  34|0x00000000fe200000, 0x00000000fe200000, 0x00000000fe300000|  0%| F|  |TAMS 0x00000000fe200000, 0x00000000fe200000| Untracked 
|  35|0x00000000fe300000, 0x00000000fe300000, 0x00000000fe400000|  0%| F|  |TAMS 0x00000000fe300000, 0x00000000fe300000| Untracked 
|  36|0x00000000fe400000, 0x00000000fe400000, 0x00000000fe500000|  0%| F|  |TAMS 0x00000000fe400000, 0x00000000fe400000| Untracked 
|  37|0x00000000fe500000, 0x00000000fe500000, 0x00000000fe600000|  0%| F|  |TAMS 0x00000000fe500000, 0x00000000fe500000| Untracked 
|  38|0x00000000fe600000, 0x00000000fe600000, 0x00000000fe700000|  0%| F|  |TAMS 0x00000000fe600000, 0x00000000fe600000| Untracked 
|  39|0x00000000fe700000, 0x00000000fe700000, 0x00000000fe800000|  0%| F|  |TAMS 0x00000000fe700000, 0x00000000fe700000| Untracked 
|  40|0x00000000fe800000, 0x00000000fe800000, 0x00000000fe900000|  0%| F|  |TAMS 0x00000000fe800000, 0x00000000fe800000| Untracked 
|  41|0x00000000fe900000, 0x00000000fe900000, 0x00000000fea00000|  0%| F|  |TAMS 0x00000000fe900000, 0x00000000fe900000| Untracked 
|  42|0x00000000fea00000, 0x00000000fea00000, 0x00000000feb00000|  0%| F|  |TAMS 0x00000000fea00000, 0x00000000fea00000| Untracked 
|  43|0x00000000feb00000, 0x00000000feb00000, 0x00000000fec00000|  0%| F|  |TAMS 0x00000000feb00000, 0x00000000feb00000| Untracked 
|  44|0x00000000fec00000, 0x00000000fec00000, 0x00000000fed00000|  0%| F|  |TAMS 0x00000000fec00000, 0x00000000fec00000| Untracked 
|  45|0x00000000fed00000, 0x00000000fed00000, 0x00000000fee00000|  0%| F|  |TAMS 0x00000000fed00000, 0x00000000fed00000| Untracked 
|  46|0x00000000fee00000, 0x00000000fee00000, 0x00000000fef00000|  0%| F|  |TAMS 0x00000000fee00000, 0x00000000fee00000| Untracked 
|  47|0x00000000fef00000, 0x00000000fef00000, 0x00000000ff000000|  0%| F|  |TAMS 0x00000000fef00000, 0x00000000fef00000| Untracked 
|  48|0x00000000ff000000, 0x00000000ff000000, 0x00000000ff100000|  0%| F|  |TAMS 0x00000000ff000000, 0x00000000ff000000| Untracked 
|  49|0x00000000ff100000, 0x00000000ff100000, 0x00000000ff200000|  0%| F|  |TAMS 0x00000000ff100000, 0x00000000ff100000| Untracked 
|  50|0x00000000ff200000, 0x00000000ff200000, 0x00000000ff300000|  0%| F|  |TAMS 0x00000000ff200000, 0x00000000ff200000| Untracked 
|  51|0x00000000ff300000, 0x00000000ff300000, 0x00000000ff400000|  0%| F|  |TAMS 0x00000000ff300000, 0x00000000ff300000| Untracked 
|  52|0x00000000ff400000, 0x00000000ff400000, 0x00000000ff500000|  0%| F|  |TAMS 0x00000000ff400000, 0x00000000ff400000| Untracked 
|  53|0x00000000ff500000, 0x00000000ff500000, 0x00000000ff600000|  0%| F|  |TAMS 0x00000000ff500000, 0x00000000ff500000| Untracked 
|  54|0x00000000ff600000, 0x00000000ff600000, 0x00000000ff700000|  0%| F|  |TAMS 0x00000000ff600000, 0x00000000ff600000| Untracked 
|  55|0x00000000ff700000, 0x00000000ff700000, 0x00000000ff800000|  0%| F|  |TAMS 0x00000000ff700000, 0x00000000ff700000| Untracked 
|  56|0x00000000ff800000, 0x00000000ff800000, 0x00000000ff900000|  0%| F|  |TAMS 0x00000000ff800000, 0x00000000ff800000| Untracked 
|  57|0x00000000ff900000, 0x00000000ff900000, 0x00000000ffa00000|  0%| F|  |TAMS 0x00000000ff900000, 0x00000000ff900000| Untracked 
|  58|0x00000000ffa00000, 0x00000000ffb00000, 0x00000000ffb00000|100%| E|  |TAMS 0x00000000ffa00000, 0x00000000ffa00000| Complete 
|  59|0x00000000ffb00000, 0x00000000ffc00000, 0x00000000ffc00000|100%| E|CS|TAMS 0x00000000ffb00000, 0x00000000ffb00000| Complete 
|  60|0x00000000ffc00000, 0x00000000ffd00000, 0x00000000ffd00000|100%| E|CS|TAMS 0x00000000ffc00000, 0x00000000ffc00000| Complete 
|  61|0x00000000ffd00000, 0x00000000ffe00000, 0x00000000ffe00000|100%| E|CS|TAMS 0x00000000ffd00000, 0x00000000ffd00000| Complete 
|  62|0x00000000ffe00000, 0x00000000fff00000, 0x00000000fff00000|100%| E|CS|TAMS 0x00000000ffe00000, 0x00000000ffe00000| Complete 
|  63|0x00000000fff00000, 0x0000000100000000, 0x0000000100000000|100%| E|CS|TAMS 0x00000000fff00000, 0x00000000fff00000| Complete 

Card table byte_map: [0x0000013fe1720000,0x0000013fe1740000] _byte_map_base: 0x0000013fe0f40000

Marking Bits (Prev, Next): (CMBitMap*) 0x0000013fe1816150, (CMBitMap*) 0x0000013fe1816190
 Prev Bits: [0x0000013ff86a0000, 0x0000013ff87a0000)
 Next Bits: [0x0000013ff87a0000, 0x0000013ff88a0000)

Polling page: 0x0000013fdf7f0000

Metaspace:

Usage:
  Non-class:      8.20 MB used.
      Class:      1.25 MB used.
       Both:      9.45 MB used.

Virtual space:
  Non-class space:       64.00 MB reserved,       8.31 MB ( 13%) committed,  1 nodes.
      Class space:        1.00 GB reserved,       1.31 MB ( <1%) committed,  1 nodes.
             Both:        1.06 GB reserved,       9.62 MB ( <1%) committed. 

Chunk freelists:
   Non-Class:  7.67 MB
       Class:  14.51 MB
        Both:  22.18 MB

MaxMetaspaceSize: unlimited
CompressedClassSpaceSize: 1.00 GB
Initial GC threshold: 21.00 MB
Current GC threshold: 21.00 MB
CDS: on
MetaspaceReclaimPolicy: balanced
 - commit_granule_bytes: 65536.
 - commit_granule_words: 8192.
 - virtual_space_node_default_size: 8388608.
 - enlarge_chunks_in_place: 1.
 - new_chunks_are_fully_committed: 0.
 - uncommit_free_chunks: 1.
 - use_allocation_guard: 0.
 - handle_deallocations: 1.


Internal statistics:

num_allocs_failed_limit: 0.
num_arena_births: 84.
num_arena_deaths: 0.
num_vsnodes_births: 2.
num_vsnodes_deaths: 0.
num_space_committed: 154.
num_space_uncommitted: 0.
num_chunks_returned_to_freelist: 0.
num_chunks_taken_from_freelist: 351.
num_chunk_merges: 0.
num_chunk_splits: 230.
num_chunks_enlarged: 178.
num_inconsistent_stats: 0.

CodeHeap 'non-profiled nmethods': size=120000Kb used=797Kb max_used=797Kb free=119202Kb
 bounds [0x0000013ff0e40000, 0x0000013ff10b0000, 0x0000013ff8370000]
CodeHeap 'profiled nmethods': size=120000Kb used=3071Kb max_used=3071Kb free=116928Kb
 bounds [0x0000013fe9370000, 0x0000013fe9670000, 0x0000013ff08a0000]
CodeHeap 'non-nmethods': size=5760Kb used=1170Kb max_used=1195Kb free=4589Kb
 bounds [0x0000013ff08a0000, 0x0000013ff0b10000, 0x0000013ff0e40000]
 total_blobs=2161 nmethods=1696 adapters=378
 compilation: enabled
              stopped_count=0, restarted_count=0
 full_count=0

Compilation events (20 events):
Event: 10.676 Thread 0x0000013ffb25e570 nmethod 1688 0x0000013ff0f05410 code [0x0000013ff0f055a0, 0x0000013ff0f05678]
Event: 10.676 Thread 0x0000013ffb25e570 1689       1       java.io.ObjectInputStream$BlockDataInputStream::getBlockDataMode (5 bytes)
Event: 10.676 Thread 0x0000013ffb25e570 nmethod 1689 0x0000013ff0f05710 code [0x0000013ff0f058a0, 0x0000013ff0f05978]
Event: 10.676 Thread 0x0000013ffb25e570 1691       3       org.gradle.internal.serialize.AbstractDecoder$DecoderStream::read (11 bytes)
Event: 10.676 Thread 0x0000013ffb25e570 nmethod 1691 0x0000013fe966ec10 code [0x0000013fe966edc0, 0x0000013fe966ef88]
Event: 10.676 Thread 0x0000013ffb25e570 1692       3       java.io.ObjectInputStream$BlockDataInputStream::read (62 bytes)
Event: 10.676 Thread 0x0000013ffb25e570 nmethod 1692 0x0000013fe966f090 code [0x0000013fe966f260, 0x0000013fe966f538]
Event: 10.676 Thread 0x0000013ffb25e570 1690       1       java.io.ObjectStreamField::isUnshared (5 bytes)
Event: 10.676 Thread 0x0000013ffb25e570 nmethod 1690 0x0000013ff0f05a10 code [0x0000013ff0f05ba0, 0x0000013ff0f05c78]
Event: 10.676 Thread 0x0000013ffb25e570 1693       3       java.io.ObjectInputStream$BlockDataInputStream::setBlockDataMode (74 bytes)
Event: 10.677 Thread 0x0000013ffb25e570 nmethod 1693 0x0000013fe966f690 code [0x0000013fe966f860, 0x0000013fe966fba8]
Event: 10.677 Thread 0x0000013ffb25e570 1694   !   3       com.esotericsoftware.kryo.io.Input::fill (32 bytes)
Event: 10.677 Thread 0x0000013ffb25e570 nmethod 1694 0x0000013ff0f05d10 code [0x0000013ff0f05ee0, 0x0000013ff0f06218]
Event: 10.677 Thread 0x0000013ffb25e570 1696       3       java.io.ObjectStreamClass::requireInitialized (19 bytes)
Event: 10.677 Thread 0x0000013ffb25e570 nmethod 1696 0x0000013ff0f06390 code [0x0000013ff0f06540, 0x0000013ff0f06768]
Event: 10.677 Thread 0x0000013ffb25e570 1699       3       java.io.ObjectInputStream$PeekInputStream::read (115 bytes)
Event: 10.677 Thread 0x0000013ffb25e570 nmethod 1699 0x0000013ff0f06890 code [0x0000013ff0f06a80, 0x0000013ff0f06f58]
Event: 10.677 Thread 0x0000013ffb25e570 1700       3       org.gradle.internal.serialize.AbstractDecoder$DecoderStream::read (31 bytes)
Event: 10.678 Thread 0x0000013ffb25e570 nmethod 1700 0x0000013ff0f07090 code [0x0000013ff0f07240, 0x0000013ff0f074c8]
Event: 10.678 Thread 0x0000013ffb25e570 1695   !   3       java.io.ObjectInputStream::readObject0 (681 bytes)

GC Heap History (4 events):
Event: 0.420 GC heap before
{Heap before GC invocations=0 (full 0):
 garbage-first heap   total 65536K, used 22528K [0x00000000fc000000, 0x0000000100000000)
  region size 1024K, 23 young (23552K), 0 survivors (0K)
 Metaspace       used 1788K, committed 1920K, reserved 1114112K
  class space    used 162K, committed 192K, reserved 1048576K
}
Event: 0.425 GC heap after
{Heap after GC invocations=1 (full 0):
 garbage-first heap   total 65536K, used 2176K [0x00000000fc000000, 0x0000000100000000)
  region size 1024K, 3 young (3072K), 3 survivors (3072K)
 Metaspace       used 1788K, committed 1920K, reserved 1114112K
  class space    used 162K, committed 192K, reserved 1048576K
}
Event: 1.404 GC heap before
{Heap before GC invocations=1 (full 0):
 garbage-first heap   total 65536K, used 35968K [0x00000000fc000000, 0x0000000100000000)
  region size 1024K, 33 young (33792K), 3 survivors (3072K)
 Metaspace       used 7661K, committed 7808K, reserved 1114112K
  class space    used 1037K, committed 1088K, reserved 1048576K
}
Event: 1.409 GC heap after
{Heap after GC invocations=2 (full 0):
 garbage-first heap   total 65536K, used 11371K [0x00000000fc000000, 0x0000000100000000)
  region size 1024K, 5 young (5120K), 5 survivors (5120K)
 Metaspace       used 7661K, committed 7808K, reserved 1114112K
  class space    used 1037K, committed 1088K, reserved 1048576K
}

Dll operation events (13 events):
Event: 0.008 Loaded shared library C:\Program Files\Eclipse Adoptium\jdk-17.0.17.10-hotspot\bin\java.dll
Event: 0.031 Loaded shared library C:\Program Files\Eclipse Adoptium\jdk-17.0.17.10-hotspot\bin\jsvml.dll
Event: 0.068 Loaded shared library C:\Program Files\Eclipse Adoptium\jdk-17.0.17.10-hotspot\bin\net.dll
Event: 0.071 Loaded shared library C:\Program Files\Eclipse Adoptium\jdk-17.0.17.10-hotspot\bin\nio.dll
Event: 0.075 Loaded shared library C:\Program Files\Eclipse Adoptium\jdk-17.0.17.10-hotspot\bin\zip.dll
Event: 0.380 Loaded shared library C:\Program Files\Eclipse Adoptium\jdk-17.0.17.10-hotspot\bin\jimage.dll
Event: 0.805 Loaded shared library C:\Program Files\Eclipse Adoptium\jdk-17.0.17.10-hotspot\bin\management.dll
Event: 0.808 Loaded shared library C:\Program Files\Eclipse Adoptium\jdk-17.0.17.10-hotspot\bin\management_ext.dll
Event: 0.875 Loaded shared library C:\Program Files\Eclipse Adoptium\jdk-17.0.17.10-hotspot\bin\verify.dll
Event: 0.887 Loaded shared library C:\Users\pacif\.gradle\native\1def1411415f61bf3af743bc5b6707747c0891f09f0c88961ee8f79bc544acac\windows-amd64\native-platform.dll
Event: 0.942 Loaded shared library C:\Users\pacif\.gradle\native\jansi\1.18\windows64\jansi.dll
Event: 1.310 Loaded shared library C:\Program Files\Eclipse Adoptium\jdk-17.0.17.10-hotspot\bin\extnet.dll
Event: 1.559 Loaded shared library C:\Program Files\Eclipse Adoptium\jdk-17.0.17.10-hotspot\bin\sunmscapi.dll

Deoptimization events (20 events):
Event: 1.533 Thread 0x0000013fe17f49a0 Uncommon trap: trap_request=0xffffffde fr.pc=0x0000013ff0e7741c relative=0x000000000000007c
Event: 1.533 Thread 0x0000013fe17f49a0 Uncommon trap: reason=class_check action=maybe_recompile pc=0x0000013ff0e7741c method=java.util.AbstractList$Itr.hasNext()Z @ 8 c2
Event: 1.533 Thread 0x0000013fe17f49a0 DEOPT PACKING pc=0x0000013ff0e7741c sp=0x00000016a32fcae0
Event: 1.533 Thread 0x0000013fe17f49a0 DEOPT UNPACKING pc=0x0000013ff08f69a3 sp=0x00000016a32fca78 mode 2
Event: 1.563 Thread 0x0000013fe17f49a0 Uncommon trap: trap_request=0xffffffde fr.pc=0x0000013ff0e7741c relative=0x000000000000007c
Event: 1.563 Thread 0x0000013fe17f49a0 Uncommon trap: reason=class_check action=maybe_recompile pc=0x0000013ff0e7741c method=java.util.AbstractList$Itr.hasNext()Z @ 8 c2
Event: 1.563 Thread 0x0000013fe17f49a0 DEOPT PACKING pc=0x0000013ff0e7741c sp=0x00000016a32fc400
Event: 1.563 Thread 0x0000013fe17f49a0 DEOPT UNPACKING pc=0x0000013ff08f69a3 sp=0x00000016a32fc398 mode 2
Event: 1.566 Thread 0x0000013fe17f49a0 Uncommon trap: trap_request=0xffffff45 fr.pc=0x0000013ff0eaa6ec relative=0x000000000000072c
Event: 1.566 Thread 0x0000013fe17f49a0 Uncommon trap: reason=unstable_if action=reinterpret pc=0x0000013ff0eaa6ec method=java.lang.Integer.stringSize(I)I @ 19 c2
Event: 1.566 Thread 0x0000013fe17f49a0 DEOPT PACKING pc=0x0000013ff0eaa6ec sp=0x00000016a32fccc0
Event: 1.566 Thread 0x0000013fe17f49a0 DEOPT UNPACKING pc=0x0000013ff08f69a3 sp=0x00000016a32fcc08 mode 2
Event: 1.571 Thread 0x0000013fe17f49a0 Uncommon trap: trap_request=0xffffff45 fr.pc=0x0000013ff0ee6aa0 relative=0x00000000000004c0
Event: 1.571 Thread 0x0000013fe17f49a0 Uncommon trap: reason=unstable_if action=reinterpret pc=0x0000013ff0ee6aa0 method=java.lang.invoke.VarForm.getMemberName(I)Ljava/lang/invoke/MemberName; @ 8 c2
Event: 1.571 Thread 0x0000013fe17f49a0 DEOPT PACKING pc=0x0000013ff0ee6aa0 sp=0x00000016a32fd160
Event: 1.571 Thread 0x0000013fe17f49a0 DEOPT UNPACKING pc=0x0000013ff08f69a3 sp=0x00000016a32fd0c0 mode 2
Event: 1.585 Thread 0x0000013fe17f49a0 Uncommon trap: trap_request=0xffffffde fr.pc=0x0000013ff0e7741c relative=0x000000000000007c
Event: 1.585 Thread 0x0000013fe17f49a0 Uncommon trap: reason=class_check action=maybe_recompile pc=0x0000013ff0e7741c method=java.util.AbstractList$Itr.hasNext()Z @ 8 c2
Event: 1.585 Thread 0x0000013fe17f49a0 DEOPT PACKING pc=0x0000013ff0e7741c sp=0x00000016a32fd280
Event: 1.585 Thread 0x0000013fe17f49a0 DEOPT UNPACKING pc=0x0000013ff08f69a3 sp=0x00000016a32fd218 mode 2

Classes loaded (20 events):
Event: 10.667 Loading class java/lang/CloneNotSupportedException
Event: 10.667 Loading class java/lang/CloneNotSupportedException done
Event: 10.667 Loading class java/io/ClassCache$CacheRef
Event: 10.668 Loading class java/io/ClassCache$CacheRef done
Event: 10.668 Loading class java/io/ObjectStreamClass$FieldReflectorKey
Event: 10.668 Loading class java/io/ObjectStreamClass$FieldReflectorKey done
Event: 10.668 Loading class java/io/ObjectStreamClass$FieldReflector
Event: 10.668 Loading class java/io/ObjectStreamClass$FieldReflector done
Event: 10.670 Loading class java/io/ObjectStreamClass$ClassDataSlot
Event: 10.670 Loading class java/io/ObjectStreamClass$ClassDataSlot done
Event: 10.670 Loading class java/io/ObjectInputStream$FieldValues
Event: 10.670 Loading class java/io/ObjectInputStream$GetField
Event: 10.670 Loading class java/io/ObjectInputStream$GetField done
Event: 10.670 Loading class java/io/ObjectInputStream$FieldValues done
Event: 10.671 Loading class java/util/function/UnaryOperator
Event: 10.671 Loading class java/util/function/UnaryOperator done
Event: 10.672 Loading class java/io/ObjectStreamClass$ExceptionInfo
Event: 10.672 Loading class java/io/ObjectStreamClass$ExceptionInfo done
Event: 10.673 Loading class java/io/SerialCallbackContext
Event: 10.673 Loading class java/io/SerialCallbackContext done

Classes unloaded (0 events):
No events

Classes redefined (0 events):
No events

Internal exceptions (19 events):
Event: 0.164 Thread 0x0000013fe17f49a0 Exception <a 'java/lang/NoSuchMethodError'{0x00000000ffc00c38}: 'int java.lang.invoke.DirectMethodHandle$Holder.invokeStaticInit(java.lang.Object, java.lang.Object)'> (0x00000000ffc00c38) 
thrown [s\src\hotspot\share\interpreter\linkResolver.cpp, line 759]
Event: 0.670 Thread 0x0000013fe17f49a0 Exception <a 'java/lang/NoSuchMethodError'{0x00000000ff5de970}: 'int java.lang.invoke.DirectMethodHandle$Holder.invokeStatic(java.lang.Object, java.lang.Object, int)'> (0x00000000ff5de970) 
thrown [s\src\hotspot\share\interpreter\linkResolver.cpp, line 759]
Event: 0.804 Thread 0x0000013fe17f49a0 Exception <a 'java/lang/NoSuchMethodError'{0x00000000ff026120}: 'java.lang.Object java.lang.invoke.DirectMethodHandle$Holder.invokeStaticInit(java.lang.Object)'> (0x00000000ff026120) 
thrown [s\src\hotspot\share\interpreter\linkResolver.cpp, line 759]
Event: 0.816 Thread 0x0000013fe17f49a0 Exception <a 'java/lang/NoSuchMethodError'{0x00000000ff040e50}: 'int java.lang.invoke.DirectMethodHandle$Holder.invokeSpecial(java.lang.Object, java.lang.Object, java.lang.Object)'> (0x00000000ff040e50) 
thrown [s\src\hotspot\share\interpreter\linkResolver.cpp, line 759]
Event: 0.824 Thread 0x0000013fe17f49a0 Exception <a 'java/lang/NoSuchMethodError'{0x00000000ff07dcf0}: 'void java.lang.invoke.DirectMethodHandle$Holder.invokeStatic(java.lang.Object, java.lang.Object)'> (0x00000000ff07dcf0) 
thrown [s\src\hotspot\share\interpreter\linkResolver.cpp, line 759]
Event: 0.826 Thread 0x0000013fe17f49a0 Implicit null exception at 0x0000013ff0ea830f to 0x0000013ff0ea887c
Event: 0.907 Thread 0x0000013fe17f49a0 Exception <a 'java/lang/NoSuchMethodError'{0x00000000fee2be70}: 'java.lang.Object java.lang.invoke.Invokers$Holder.invoker(java.lang.Object, java.lang.Object, java.lang.Object)'> (0x00000000fee2be70) 
thrown [s\src\hotspot\share\interpreter\linkResolver.cpp, line 759]
Event: 0.909 Thread 0x0000013fe17f49a0 Exception <a 'java/lang/NoSuchMethodError'{0x00000000fee34fc8}: 'java.lang.Object java.lang.invoke.DirectMethodHandle$Holder.invokeStatic(java.lang.Object, java.lang.Object, int)'> (0x00000000fee34fc8) 
thrown [s\src\hotspot\share\interpreter\linkResolver.cpp, line 759]
Event: 0.911 Thread 0x0000013fe17f49a0 Exception <a 'java/lang/NoSuchMethodError'{0x00000000fee40cb8}: 'void java.lang.invoke.DelegatingMethodHandle$Holder.delegate(java.lang.Object, java.lang.Object, int, java.lang.Object)'> (0x00000000fee40cb8) 
thrown [s\src\hotspot\share\interpreter\linkResolver.cpp, line 759]
Event: 0.914 Thread 0x0000013fe17f49a0 Exception <a 'java/lang/NoSuchMethodError'{0x00000000fee54300}: 'java.lang.Object java.lang.invoke.Invokers$Holder.invokeExact_MT(java.lang.Object, java.lang.Object, java.lang.Object, java.lang.Object)'> (0x00000000fee54300) 
thrown [s\src\hotspot\share\interpreter\linkResolver.cpp, line 759]
Event: 0.919 Thread 0x0000013fe17f49a0 Exception <a 'java/lang/NoSuchMethodError'{0x00000000fee7a7a0}: 'java.lang.Object java.lang.invoke.DirectMethodHandle$Holder.invokeVirtual(java.lang.Object, java.lang.Object, java.lang.Object)'> (0x00000000fee7a7a0) 
thrown [s\src\hotspot\share\interpreter\linkResolver.cpp, line 759]
Event: 1.008 Thread 0x0000013fe17f49a0 Exception <a 'java/lang/NoSuchMethodError'{0x00000000fea6c778}: 'java.lang.Object java.lang.invoke.DirectMethodHandle$Holder.newInvokeSpecial(java.lang.Object, java.lang.Object, java.lang.Object, java.lang.Object, java.lang.Object)'> (0x00000000fea6c778) 
thrown [s\src\hotspot\share\interpreter\linkResolver.cpp, line 759]
Event: 1.030 Thread 0x0000013fe17f49a0 Exception <a 'java/lang/NoSuchMethodError'{0x00000000fe9a0ab0}: 'void java.lang.invoke.DirectMethodHandle$Holder.invokeSpecial(java.lang.Object, java.lang.Object, java.lang.Object)'> (0x00000000fe9a0ab0) 
thrown [s\src\hotspot\share\interpreter\linkResolver.cpp, line 759]
Event: 1.032 Thread 0x0000013fe17f49a0 Implicit null exception at 0x0000013ff0e89d8f to 0x0000013ff0e8a318
Event: 1.040 Thread 0x0000013fe17f49a0 Implicit null exception at 0x0000013ff0e804af to 0x0000013ff0e80529
Event: 1.311 Thread 0x0000013fe17f49a0 Exception <a 'java/lang/NoSuchMethodError'{0x00000000fe4bd6d8}: 'void java.lang.invoke.DirectMethodHandle$Holder.invokeStatic(java.lang.Object, java.lang.Object, java.lang.Object)'> (0x00000000fe4bd6d8) 
thrown [s\src\hotspot\share\interpreter\linkResolver.cpp, line 759]
Event: 1.418 Thread 0x0000013fe17f49a0 Exception <a 'java/lang/NoSuchMethodError'{0x00000000fff3e2c8}: 'java.lang.Object java.lang.invoke.DirectMethodHandle$Holder.invokeStaticInit(java.lang.Object, int, int, int, int)'> (0x00000000fff3e2c8) 
thrown [s\src\hotspot\share\interpreter\linkResolver.cpp, line 759]
Event: 1.494 Thread 0x0000013fe17f49a0 Exception <a 'java/lang/NoSuchMethodError'{0x00000000ffe78b60}: 'java.lang.Object java.lang.invoke.DirectMethodHandle$Holder.invokeStaticInit(java.lang.Object, java.lang.Object, int, int, int, int)'> (0x00000000ffe78b60) 
thrown [s\src\hotspot\share\interpreter\linkResolver.cpp, line 759]
Event: 1.520 Thread 0x0000013fe17f49a0 Implicit null exception at 0x0000013ff0e866f2 to 0x0000013ff0e86d0c

VM Operations (20 events):
Event: 1.541 Executing VM operation: HandshakeAllThreads
Event: 1.541 Executing VM operation: HandshakeAllThreads done
Event: 1.593 Executing VM operation: HandshakeAllThreads
Event: 1.593 Executing VM operation: HandshakeAllThreads done
Event: 1.680 Executing VM operation: HandshakeAllThreads
Event: 1.680 Executing VM operation: HandshakeAllThreads done
Event: 2.680 Executing VM operation: Cleanup
Event: 2.680 Executing VM operation: Cleanup done
Event: 2.691 Executing VM operation: HandshakeAllThreads
Event: 2.691 Executing VM operation: HandshakeAllThreads done
Event: 3.692 Executing VM operation: Cleanup
Event: 3.692 Executing VM operation: Cleanup done
Event: 4.697 Executing VM operation: Cleanup
Event: 4.697 Executing VM operation: Cleanup done
Event: 5.711 Executing VM operation: Cleanup
Event: 5.711 Executing VM operation: Cleanup done
Event: 6.721 Executing VM operation: Cleanup
Event: 6.721 Executing VM operation: Cleanup done
Event: 8.737 Executing VM operation: Cleanup
Event: 8.737 Executing VM operation: Cleanup done

Memory protections (0 events):
No events

Nmethod flushes (0 events):
No events

Events (19 events):
Event: 0.031 Thread 0x0000013fe17f49a0 Thread added: 0x0000013fe17f49a0
Event: 0.035 Thread 0x0000013fe17f49a0 Thread added: 0x0000013fe189df80
Event: 0.035 Thread 0x0000013fe17f49a0 Thread added: 0x0000013fe189ec00
Event: 0.045 Thread 0x0000013fe17f49a0 Thread added: 0x0000013ffb242e10
Event: 0.045 Thread 0x0000013fe17f49a0 Thread added: 0x0000013ffb2437d0
Event: 0.045 Thread 0x0000013fe17f49a0 Thread added: 0x0000013ffb244190
Event: 0.045 Thread 0x0000013fe17f49a0 Thread added: 0x0000013ffb246b60
Event: 0.046 Thread 0x0000013fe17f49a0 Thread added: 0x0000013ffb252690
Event: 0.046 Thread 0x0000013fe17f49a0 Thread added: 0x0000013ffb25e570
Event: 0.046 Thread 0x0000013fe17f49a0 Thread added: 0x0000013ffb261330
Event: 0.064 Thread 0x0000013fe17f49a0 Thread added: 0x0000013ffb260910
Event: 0.065 Thread 0x0000013fe17f49a0 Thread added: 0x0000013ffb261840
Event: 0.312 Thread 0x0000013ffb252690 Thread added: 0x0000013fc535f370
Event: 0.381 Thread 0x0000013ffb25e570 Thread added: 0x0000013fc55b80a0
Event: 0.968 Thread 0x0000013fe17f49a0 Thread added: 0x0000013ffb261d50
Event: 1.305 Thread 0x0000013fc55b80a0 Thread exited: 0x0000013fc55b80a0
Event: 1.305 Thread 0x0000013fc535f370 Thread exited: 0x0000013fc535f370
Event: 1.549 Thread 0x0000013ffb25e570 Thread added: 0x0000013fc6b0c230
Event: 1.785 Thread 0x0000013fc6b0c230 Thread exited: 0x0000013fc6b0c230


Dynamic libraries:
0x00007ff75f910000 - 0x00007ff75f91e000 	C:\Program Files\Eclipse Adoptium\jdk-17.0.17.10-hotspot\bin\java.exe
0x00007ffca9ff0000 - 0x00007ffcaa1e8000 	C:\WINDOWS\SYSTEM32\ntdll.dll
0x00007ffca9810000 - 0x00007ffca98d2000 	C:\WINDOWS\System32\KERNEL32.DLL
0x00007ffca78a0000 - 0x00007ffca7b96000 	C:\WINDOWS\System32\KERNELBASE.dll
0x00007ffca7bd0000 - 0x00007ffca7cd0000 	C:\WINDOWS\System32\ucrtbase.dll
0x00007ffc90de0000 - 0x00007ffc90df8000 	C:\Program Files\Eclipse Adoptium\jdk-17.0.17.10-hotspot\bin\jli.dll
0x00007ffc84650000 - 0x00007ffc8466e000 	C:\Program Files\Eclipse Adoptium\jdk-17.0.17.10-hotspot\bin\VCRUNTIME140.dll
0x00007ffca9040000 - 0x00007ffca91e1000 	C:\WINDOWS\System32\USER32.dll
0x00007ffc8ed50000 - 0x00007ffc8efeb000 	C:\WINDOWS\WinSxS\amd64_microsoft.windows.common-controls_6595b64144ccf1df_6.0.19041.6456_none_60b8a6cb71f64256\COMCTL32.dll
0x00007ffca7680000 - 0x00007ffca76a2000 	C:\WINDOWS\System32\win32u.dll
0x00007ffca9ae0000 - 0x00007ffca9b7e000 	C:\WINDOWS\System32\msvcrt.dll
0x00007ffca9c80000 - 0x00007ffca9cab000 	C:\WINDOWS\System32\GDI32.dll
0x00007ffca7d20000 - 0x00007ffca7e39000 	C:\WINDOWS\System32\gdi32full.dll
0x00007ffca7f70000 - 0x00007ffca800d000 	C:\WINDOWS\System32\msvcp_win.dll
0x00007ffca9ab0000 - 0x00007ffca9adf000 	C:\WINDOWS\System32\IMM32.DLL
0x00007ffc98460000 - 0x00007ffc9846c000 	C:\Program Files\Eclipse Adoptium\jdk-17.0.17.10-hotspot\bin\vcruntime140_1.dll
0x00007ffc21110000 - 0x00007ffc2119d000 	C:\Program Files\Eclipse Adoptium\jdk-17.0.17.10-hotspot\bin\msvcp140.dll
0x00007ffc18ed0000 - 0x00007ffc19b3b000 	C:\Program Files\Eclipse Adoptium\jdk-17.0.17.10-hotspot\bin\server\jvm.dll
0x00007ffca8460000 - 0x00007ffca8511000 	C:\WINDOWS\System32\ADVAPI32.dll
0x00007ffca8fa0000 - 0x00007ffca903f000 	C:\WINDOWS\System32\sechost.dll
0x00007ffca86b0000 - 0x00007ffca87d0000 	C:\WINDOWS\System32\RPCRT4.dll
0x00007ffca7ba0000 - 0x00007ffca7bc7000 	C:\WINDOWS\System32\bcrypt.dll
0x00007ffca9c10000 - 0x00007ffca9c7b000 	C:\WINDOWS\System32\WS2_32.dll
0x00007ffca7010000 - 0x00007ffca705b000 	C:\WINDOWS\SYSTEM32\POWRPROF.dll
0x00007ffc9a2f0000 - 0x00007ffc9a2fa000 	C:\WINDOWS\SYSTEM32\VERSION.dll
0x00007ffc92990000 - 0x00007ffc929b7000 	C:\WINDOWS\SYSTEM32\WINMM.dll
0x00007ffca6ff0000 - 0x00007ffca7002000 	C:\WINDOWS\SYSTEM32\UMPDC.dll
0x00007ffca5e50000 - 0x00007ffca5e62000 	C:\WINDOWS\SYSTEM32\kernel.appcore.dll
0x00007ffc92980000 - 0x00007ffc9298a000 	C:\Program Files\Eclipse Adoptium\jdk-17.0.17.10-hotspot\bin\jimage.dll
0x00007ffca5380000 - 0x00007ffca5581000 	C:\WINDOWS\SYSTEM32\DBGHELP.DLL
0x00007ffc7f2d0000 - 0x00007ffc7f304000 	C:\WINDOWS\SYSTEM32\dbgcore.DLL
0x00007ffca76b0000 - 0x00007ffca7732000 	C:\WINDOWS\System32\bcryptPrimitives.dll
0x00007ffc69e10000 - 0x00007ffc69e35000 	C:\Program Files\Eclipse Adoptium\jdk-17.0.17.10-hotspot\bin\java.dll
0x00007ffc21030000 - 0x00007ffc21107000 	C:\Program Files\Eclipse Adoptium\jdk-17.0.17.10-hotspot\bin\jsvml.dll
0x00007ffca87d0000 - 0x00007ffca8f40000 	C:\WINDOWS\System32\SHELL32.dll
0x00007ffca5590000 - 0x00007ffca5d35000 	C:\WINDOWS\SYSTEM32\windows.storage.dll
0x00007ffca8020000 - 0x00007ffca8374000 	C:\WINDOWS\System32\combase.dll
0x00007ffca6f60000 - 0x00007ffca6f8b000 	C:\WINDOWS\SYSTEM32\Wldp.dll
0x00007ffca8390000 - 0x00007ffca845d000 	C:\WINDOWS\System32\OLEAUT32.dll
0x00007ffca8600000 - 0x00007ffca86ad000 	C:\WINDOWS\System32\SHCORE.dll
0x00007ffca97b0000 - 0x00007ffca980b000 	C:\WINDOWS\System32\shlwapi.dll
0x00007ffca75b0000 - 0x00007ffca75d4000 	C:\WINDOWS\SYSTEM32\profapi.dll
0x00007ffc7a500000 - 0x00007ffc7a51a000 	C:\Program Files\Eclipse Adoptium\jdk-17.0.17.10-hotspot\bin\net.dll
0x00007ffc9bd10000 - 0x00007ffc9be1a000 	C:\WINDOWS\SYSTEM32\WINHTTP.dll
0x00007ffca6cd0000 - 0x00007ffca6d3a000 	C:\WINDOWS\system32\mswsock.dll
0x00007ffc69f60000 - 0x00007ffc69f76000 	C:\Program Files\Eclipse Adoptium\jdk-17.0.17.10-hotspot\bin\nio.dll
0x00007ffc478d0000 - 0x00007ffc478e8000 	C:\Program Files\Eclipse Adoptium\jdk-17.0.17.10-hotspot\bin\zip.dll
0x00007ffc9e810000 - 0x00007ffc9e81a000 	C:\Program Files\Eclipse Adoptium\jdk-17.0.17.10-hotspot\bin\management.dll
0x00007ffc9e800000 - 0x00007ffc9e80c000 	C:\Program Files\Eclipse Adoptium\jdk-17.0.17.10-hotspot\bin\management_ext.dll
0x00007ffca8380000 - 0x00007ffca8388000 	C:\WINDOWS\System32\PSAPI.DLL
0x00007ffc9e070000 - 0x00007ffc9e080000 	C:\Program Files\Eclipse Adoptium\jdk-17.0.17.10-hotspot\bin\verify.dll
0x00007ffc89530000 - 0x00007ffc89557000 	C:\Users\pacif\.gradle\native\1def1411415f61bf3af743bc5b6707747c0891f09f0c88961ee8f79bc544acac\windows-amd64\native-platform.dll
0x00007ffca1750000 - 0x00007ffca175a000 	C:\Users\pacif\.gradle\native\jansi\1.18\windows64\jansi.dll
0x00007ffca69d0000 - 0x00007ffca6a0b000 	C:\WINDOWS\SYSTEM32\IPHLPAPI.DLL
0x00007ffca8010000 - 0x00007ffca8018000 	C:\WINDOWS\System32\NSI.dll
0x00007ffc9e0d0000 - 0x00007ffc9e0e7000 	C:\WINDOWS\SYSTEM32\dhcpcsvc6.DLL
0x00007ffc9e0b0000 - 0x00007ffc9e0cd000 	C:\WINDOWS\SYSTEM32\dhcpcsvc.DLL
0x00007ffca6a10000 - 0x00007ffca6ada000 	C:\WINDOWS\SYSTEM32\DNSAPI.dll
0x00007ffc8e9e0000 - 0x00007ffc8e9e9000 	C:\Program Files\Eclipse Adoptium\jdk-17.0.17.10-hotspot\bin\extnet.dll
0x00007ffca6fa0000 - 0x00007ffca6fb8000 	C:\WINDOWS\SYSTEM32\CRYPTSP.dll
0x00007ffca6610000 - 0x00007ffca6648000 	C:\WINDOWS\system32\rsaenh.dll
0x00007ffca7530000 - 0x00007ffca755e000 	C:\WINDOWS\SYSTEM32\USERENV.dll
0x00007ffca6e60000 - 0x00007ffca6e6c000 	C:\WINDOWS\SYSTEM32\CRYPTBASE.dll
0x00007ffc8f3a0000 - 0x00007ffc8f3ae000 	C:\Program Files\Eclipse Adoptium\jdk-17.0.17.10-hotspot\bin\sunmscapi.dll
0x00007ffca7740000 - 0x00007ffca789d000 	C:\WINDOWS\System32\CRYPT32.dll
0x00007ffca7120000 - 0x00007ffca7147000 	C:\WINDOWS\SYSTEM32\ncrypt.dll
0x00007ffca70e0000 - 0x00007ffca711b000 	C:\WINDOWS\SYSTEM32\NTASN1.dll
0x00007ffc695c0000 - 0x00007ffc695c7000 	C:\WINDOWS\system32\wshunix.dll

dbghelp: loaded successfully - version: 4.0.5 - missing functions: none
symbol engine: initialized successfully - sym options: 0x614 - pdb path: .;C:\Program Files\Eclipse Adoptium\jdk-17.0.17.10-hotspot\bin;C:\WINDOWS\SYSTEM32;C:\WINDOWS\WinSxS\amd64_microsoft.windows.common-controls_6595b64144ccf1df_6.0.19041.6456_none_60b8a6cb71f64256;C:\Program Files\Eclipse Adoptium\jdk-17.0.17.10-hotspot\bin\server;C:\Users\pacif\.gradle\native\1def1411415f61bf3af743bc5b6707747c0891f09f0c88961ee8f79bc544acac\windows-amd64;C:\Users\pacif\.gradle\native\jansi\1.18\windows64

VM Arguments:
jvm_args: -Xmx64m -Xms64m -Dorg.gradle.appname=gradlew 
java_command: C:\Users\pacif\Desktop\AppDev\APPDEV_B_SY25226\android\\gradle\wrapper\gradle-wrapper.jar app:installDebug -PreactNativeDevServerPort=8081
java_class_path (initial): C:\Users\pacif\Desktop\AppDev\APPDEV_B_SY25226\android\\gradle\wrapper\gradle-wrapper.jar
Launcher Type: SUN_STANDARD

[Global flags]
     intx CICompilerCount                          = 4                                         {product} {ergonomic}
     uint ConcGCThreads                            = 2                                         {product} {ergonomic}
     uint G1ConcRefinementThreads                  = 8                                         {product} {ergonomic}
   size_t G1HeapRegionSize                         = 1048576                                   {product} {ergonomic}
    uintx GCDrainStackTargetSize                   = 64                                        {product} {ergonomic}
   size_t InitialHeapSize                          = 67108864                                  {product} {command line}
   size_t MarkStackSize                            = 4194304                                   {product} {ergonomic}
   size_t MaxHeapSize                              = 67108864                                  {product} {command line}
   size_t MaxNewSize                               = 39845888                                  {product} {ergonomic}
   size_t MinHeapDeltaBytes                        = 1048576                                   {product} {ergonomic}
   size_t MinHeapSize                              = 67108864                                  {product} {command line}
    uintx NonNMethodCodeHeapSize                   = 5839372                                {pd product} {ergonomic}
    uintx NonProfiledCodeHeapSize                  = 122909434                              {pd product} {ergonomic}
    uintx ProfiledCodeHeapSize                     = 122909434                              {pd product} {ergonomic}
    uintx ReservedCodeCacheSize                    = 251658240                              {pd product} {ergonomic}
     bool SegmentedCodeCache                       = true                                      {product} {ergonomic}
   size_t SoftMaxHeapSize                          = 67108864                               {manageable} {ergonomic}
     bool UseCompressedClassPointers               = true                           {product lp64_product} {ergonomic}
     bool UseCompressedOops                        = true                           {product lp64_product} {ergonomic}
     bool UseG1GC                                  = true                                      {product} {ergonomic}
     bool UseLargePagesIndividualAllocation        = false                                  {pd product} {ergonomic}

Logging:
Log output configuration:
 #0: stdout all=warning uptime,level,tags
 #1: stderr all=off uptime,level,tags

Environment Variables:
PATH=C:\Users\pacif\Desktop\AppDev\APPDEV_B_SY25226\node_modules\.bin;C:\Users\pacif\Desktop\AppDev\APPDEV_B_SY25226\node_modules\.bin;C:\Users\pacif\Desktop\AppDev\node_modules\.bin;C:\Users\pacif\Desktop\node_modules\.bin;C:\Users\pacif\node_modules\.bin;C:\Users\node_modules\.bin;C:\node_modules\.bin;C:\Program Files\nodejs\node_modules\npm\node_modules\@npmcli\run-script\lib\node-gyp-bin;C:\Program Files\Eclipse Adoptium\jdk-17.0.17.10-hotspot\bin;C:\Program Files (x86)\Common Files\Intel\Shared Libraries\redist\intel64\compiler;C:\Program Files (x86)\Intel\iCLS Client\;C:\Program Files\Intel\iCLS Client\;C:\Windows\system32;C:\Windows;C:\Windows\System32\Wbem;C:\Windows\System32\WindowsPowerShell\v1.0\;C:\Program Files (x86)\Intel\Intel(R) Management Engine Components\DAL;C:\Program Files\Intel\Intel(R) Management Engine Components\DAL;C:\Program Files (x86)\Intel\Intel(R) Management Engine Components\IPT;C:\Program Files\Intel\Intel(R) Management Engine Components\IPT;C:\WINDOWS\system32;C:\WINDOWS;C:\WINDOWS\System32\Wbem;C:\WINDOWS\System32\WindowsPowerShell\v1.0\;C:\WINDOWS\System32\OpenSSH\;C:\Program Files\Docker\Docker\resources\bin;C:\xampp\php;C:\ProgramData\ComposerSetup\bin;C:\Program Files\Git;C:\Program Files\NVIDIA Corporation\NVIDIA App\NvDLISR;C:\Program Files (x86)\NVIDIA Corporation\PhysX\Common;C:\Program Files\ngrok;C:\Users\pacif\OneDrive\Documents\ngrok-v3-stable-windows-amd64;C:\apache-maven-4.0.0-rc-5\bin;C:\Users\pacif\Downloads\apache-maven-4.0.0-rc-5-bin\apache-maven-4.0.0-rc-5\bin;C:\Program Files\CMake\bin;C:\Program Files\CMake\bin;C:\Users\pacif\scoop\apps\git\2.51.2\mingw64\bin;C:\Users\pacif\Downloads\mongosh-2.6.0-win32-x64\mongosh-2.6.0-win32-x64\bin;C:\Users\pacif\Downloads\mongosh-2.6.0-win32-x64\mongosh-2.6.0-win32-x64\bin;C:\ProgramData\chocolatey\bin;C:\Program Files\nodejs\;C:\Users\pacif\AppData\Local\Android\Sdk;C:\Users\pacif\AppData\Local\Android\Sdk\platform-tools;C:\Program Files\PowerShell\7\;C:\Program Files\Go\bin;C:\Users\pacif\AppData\Local\Programs\Python\Launcher\;C:\Users\pacif\scoop\shims;C:\Users\pacif\AppData\Local\Microsoft\WindowsApps;C:\Users\pacif\AppData\Local\Programs\Microsoft VS Code\bin;C:\Users\pacif\AppData\Roaming\Composer\vendor\bin;C:\Program Files\Git;C:\Program Files\ngrok;C:\Users\pacif\AppData\Local\Programs\oh-my-posh\bin;C:\Users\pacif\AppData\Local\Programs\oh-my-posh\themes;C:\msys64\ucrt64\bin;C:\Users\pacif\Downloads\mongosh-2.6.0-win32-x64\mongosh-2.6.0-win32-x64\bin;C:\Users\pacif\Downloads\mongosh-2.6.0-win32-x64\mongosh-2.6.0-win32-x64\bin;C:\Users\pacif\AppData\Roaming\npm;C:\Users\pacif\AppData\Local\GitHubDesktop\bin;C:\Users\pacif\go\bin
USERNAME=pacif
OS=Windows_NT
PROCESSOR_IDENTIFIER=Intel64 Family 6 Model 158 Stepping 9, GenuineIntel
TMP=C:\Users\pacif\AppData\Local\Temp
TEMP=C:\Users\pacif\AppData\Local\Temp



Periodic native trim disabled


---------------  S Y S T E M  ---------------

OS:
 Windows 10 , 64 bit Build 19041 (10.0.19041.5915)
OS uptime: 0 days 3:01 hours
Hyper-V role detected

CPU: total 8 (initial active 8) (4 cores per cpu, 2 threads per core) family 6 model 158 stepping 9 microcode 0xea, cx8, cmov, fxsr, ht, mmx, 3dnowpref, sse, sse2, sse3, ssse3, sse4.1, sse4.2, popcnt, lzcnt, tsc, tscinvbit, avx, avx2, aes, erms, clmul, bmi1, bmi2, adx, fma, vzeroupper, clflush, clflushopt, hv
Processor Information for all 8 processors :
  Max Mhz: 2801, Current Mhz: 2801, Mhz Limit: 2801

Memory: 4k page, system-wide physical 16235M (2190M free)
TotalPageFile size 16235M (AvailPageFile size 5M)
current process WorkingSet (physical memory assigned to process): 102M, peak: 124M
current process commit charge ("private bytes"): 165M, peak: 189M

vm_info: OpenJDK 64-Bit Server VM (17.0.17+10) for windows-amd64 JRE (17.0.17+10), built on Oct 21 2025 23:25:32 by "admin" with unknown MS VC++:1942

END.
